Using pre-set license
Built from '2022.3/staging' branch; Version is '2022.3.17f1 (4fc78088f837) revision 5228416'; Using compiler version '192829333'; Build Type 'Release'
OS: 'Windows 10  (10.0.19045) 64bit Professional' Language: 'es' Physical Memory: 16317 MB
BatchMode: 1, IsHumanControllingUs: 0, StartBugReporterOnCrash: 0, Is64bit: 1, IsPro: 1

COMMAND LINE ARGUMENTS:
D:\Unity\2022.3.17f1\Editor\Unity.exe
-adb2
-batchMode
-noUpm
-name
AssetImportWorker0
-projectPath
F:/dev/RobotFights/Project/Robot-Fights/Robot Fghts
-logFile
Logs/AssetImportWorker0.log
-srvPort
50633
Successfully changed project path to: F:/dev/RobotFights/Project/Robot-Fights/Robot Fghts
F:/dev/RobotFights/Project/Robot-Fights/Robot Fghts
[UnityMemory] Configuration Parameters - Can be set up in boot.config
    "memorysetup-bucket-allocator-granularity=16"
    "memorysetup-bucket-allocator-bucket-count=8"
    "memorysetup-bucket-allocator-block-size=33554432"
    "memorysetup-bucket-allocator-block-count=8"
    "memorysetup-main-allocator-block-size=16777216"
    "memorysetup-thread-allocator-block-size=16777216"
    "memorysetup-gfx-main-allocator-block-size=16777216"
    "memorysetup-gfx-thread-allocator-block-size=16777216"
    "memorysetup-cache-allocator-block-size=4194304"
    "memorysetup-typetree-allocator-block-size=2097152"
    "memorysetup-profiler-bucket-allocator-granularity=16"
    "memorysetup-profiler-bucket-allocator-bucket-count=8"
    "memorysetup-profiler-bucket-allocator-block-size=33554432"
    "memorysetup-profiler-bucket-allocator-block-count=8"
    "memorysetup-profiler-allocator-block-size=16777216"
    "memorysetup-profiler-editor-allocator-block-size=1048576"
    "memorysetup-temp-allocator-size-main=16777216"
    "memorysetup-job-temp-allocator-block-size=2097152"
    "memorysetup-job-temp-allocator-block-size-background=1048576"
    "memorysetup-job-temp-allocator-reduction-small-platforms=262144"
    "memorysetup-allocator-temp-initial-block-size-main=262144"
    "memorysetup-allocator-temp-initial-block-size-worker=262144"
    "memorysetup-temp-allocator-size-background-worker=32768"
    "memorysetup-temp-allocator-size-job-worker=262144"
    "memorysetup-temp-allocator-size-preload-manager=33554432"
    "memorysetup-temp-allocator-size-nav-mesh-worker=65536"
    "memorysetup-temp-allocator-size-audio-worker=65536"
    "memorysetup-temp-allocator-size-cloud-worker=32768"
    "memorysetup-temp-allocator-size-gi-baking-worker=262144"
    "memorysetup-temp-allocator-size-gfx=262144"
Player connection [12612] Host "[IP] 10.22.107.248 [Port] 0 [Flags] 2 [Guid] 3821207267 [EditorId] 3821207267 [Version] 1048832 [Id] WindowsEditor(7,DESKTOP-FR4CD6H) [Debug] 1 [PackageName] WindowsEditor [ProjectName] Editor" joined multi-casting on [225.0.0.222:54997]...

Player connection [12612] Host "[IP] 10.22.107.248 [Port] 0 [Flags] 2 [Guid] 3821207267 [EditorId] 3821207267 [Version] 1048832 [Id] WindowsEditor(7,DESKTOP-FR4CD6H) [Debug] 1 [PackageName] WindowsEditor [ProjectName] Editor" joined alternative multi-casting on [225.0.0.222:34997]...

[Physics::Module] Initialized MultithreadedJobDispatcher with 7 workers.
Refreshing native plugins compatible for Editor in 11.13 ms, found 3 plugins.
Preloading 0 native plugins for Editor in 0.00 ms.
Initialize engine version: 2022.3.17f1 (4fc78088f837)
[Subsystems] Discovering subsystems at path D:/Unity/2022.3.17f1/Editor/Data/Resources/UnitySubsystems
[Subsystems] Discovering subsystems at path F:/dev/RobotFights/Project/Robot-Fights/Robot Fghts/Assets
GfxDevice: creating device client; threaded=0; jobified=0
Direct3D:
    Version:  Direct3D 11.0 [level 11.1]
    Renderer: NVIDIA GeForce RTX 3060 (ID=0x2504)
    Vendor:   NVIDIA
    VRAM:     12129 MB
    Driver:   31.0.15.2756
Initialize mono
Mono path[0] = 'D:/Unity/2022.3.17f1/Editor/Data/Managed'
Mono path[1] = 'D:/Unity/2022.3.17f1/Editor/Data/MonoBleedingEdge/lib/mono/unityjit-win32'
Mono config path = 'D:/Unity/2022.3.17f1/Editor/Data/MonoBleedingEdge/etc'
Using monoOptions --debugger-agent=transport=dt_socket,embedding=1,server=y,suspend=n,address=127.0.0.1:56732
Begin MonoManager ReloadAssembly
Registering precompiled unity dll's ...
Register platform support module: D:/Unity/2022.3.17f1/Editor/Data/PlaybackEngines/WebGLSupport/UnityEditor.WebGL.Extensions.dll
Register platform support module: D:/Unity/2022.3.17f1/Editor/Data/PlaybackEngines/WindowsStandaloneSupport/UnityEditor.WindowsStandalone.Extensions.dll
Registered in 0.008182 seconds.
- Loaded All Assemblies, in  0.619 seconds
Native extension for WindowsStandalone target not found
Native extension for WebGL target not found
Mono: successfully reloaded assembly
- Finished resetting the current domain, in  0.514 seconds
Domain Reload Profiling: 1133ms
	BeginReloadAssembly (170ms)
		ExecutionOrderSort (0ms)
		DisableScriptedObjects (0ms)
		BackupInstance (0ms)
		ReleaseScriptingObjects (0ms)
		CreateAndSetChildDomain (1ms)
	RebuildCommonClasses (86ms)
	RebuildNativeTypeToScriptingClass (24ms)
	initialDomainReloadingComplete (89ms)
	LoadAllAssembliesAndSetupDomain (249ms)
		LoadAssemblies (169ms)
		RebuildTransferFunctionScriptingTraits (0ms)
		AnalyzeDomain (246ms)
			TypeCache.Refresh (244ms)
				TypeCache.ScanAssembly (219ms)
			ScanForSourceGeneratedMonoScriptInfo (1ms)
			ResolveRequiredComponents (1ms)
	FinalizeReload (515ms)
		ReleaseScriptCaches (0ms)
		RebuildScriptCaches (0ms)
		SetupLoadedEditorAssemblies (409ms)
			LogAssemblyErrors (0ms)
			InitializePlatformSupportModulesInManaged (16ms)
			SetLoadedEditorAssemblies (9ms)
			RefreshPlugins (0ms)
			BeforeProcessingInitializeOnLoad (4ms)
			ProcessInitializeOnLoadAttributes (294ms)
			ProcessInitializeOnLoadMethodAttributes (84ms)
			AfterProcessingInitializeOnLoad (0ms)
			EditorAssembliesLoaded (0ms)
		ExecutionOrderSort2 (0ms)
		AwakeInstancesAfterBackupRestoration (0ms)
========================================================================
Worker process is ready to serve import requests
Begin MonoManager ReloadAssembly
- Loaded All Assemblies, in  0.726 seconds
Refreshing native plugins compatible for Editor in 2.77 ms, found 3 plugins.
Native extension for WindowsStandalone target not found
Native extension for WebGL target not found
Mono: successfully reloaded assembly
- Finished resetting the current domain, in  0.670 seconds
Domain Reload Profiling: 1397ms
	BeginReloadAssembly (242ms)
		ExecutionOrderSort (0ms)
		DisableScriptedObjects (9ms)
		BackupInstance (0ms)
		ReleaseScriptingObjects (0ms)
		CreateAndSetChildDomain (33ms)
	RebuildCommonClasses (66ms)
	RebuildNativeTypeToScriptingClass (21ms)
	initialDomainReloadingComplete (64ms)
	LoadAllAssembliesAndSetupDomain (332ms)
		LoadAssemblies (315ms)
		RebuildTransferFunctionScriptingTraits (0ms)
		AnalyzeDomain (151ms)
			TypeCache.Refresh (147ms)
				TypeCache.ScanAssembly (131ms)
			ScanForSourceGeneratedMonoScriptInfo (2ms)
			ResolveRequiredComponents (1ms)
	FinalizeReload (671ms)
		ReleaseScriptCaches (0ms)
		RebuildScriptCaches (0ms)
		SetupLoadedEditorAssemblies (411ms)
			LogAssemblyErrors (0ms)
			InitializePlatformSupportModulesInManaged (11ms)
			SetLoadedEditorAssemblies (6ms)
			RefreshPlugins (0ms)
			BeforeProcessingInitializeOnLoad (105ms)
			ProcessInitializeOnLoadAttributes (251ms)
			ProcessInitializeOnLoadMethodAttributes (34ms)
			AfterProcessingInitializeOnLoad (5ms)
			EditorAssembliesLoaded (0ms)
		ExecutionOrderSort2 (0ms)
		AwakeInstancesAfterBackupRestoration (13ms)
Launched and connected shader compiler UnityShaderCompiler.exe after 0.07 seconds
Refreshing native plugins compatible for Editor in 4.81 ms, found 3 plugins.
Preloading 0 native plugins for Editor in 0.00 ms.
Unloading 3106 Unused Serialized files (Serialized files now loaded: 0)
Unloading 19 unused Assets / (57.0 KB). Loaded Objects now: 3562.
Memory consumption went from 116.7 MB to 116.6 MB.
Total: 5.992200 ms (FindLiveObjects: 0.448400 ms CreateObjectMapping: 0.439700 ms MarkObjects: 4.896300 ms  DeleteObjects: 0.206200 ms)

AssetImportParameters requested are different than current active one (requested -> active):
  custom:container-muxer-webm: aa71ff27fc2769a1b78a27578f13a17b -> 
  custom:video-encoder-webm-vp8: eb34c28f22e8b96e1ab97ce403110664 -> 
  custom:audio-encoder-webm-vorbis: bf7c407c2cedff20999df2af8eb42d56 -> 
  custom:container-demuxer-ogg: 62fdf1f143b41e24485cea50d1cbac27 -> 
  custom:video-decoder-webm-vp8: 9c59270c3fd7afecdb556c50c9e8de78 -> 
  custom:audio-decoder-ogg-vorbis: bf7c407c2cedff20999df2af8eb42d56 -> 
  custom:AudioImporter_EditorPlatform: d09bf68614088b80899f8185d706f6e7 -> 
  custom:video-decoder-ogg-theora: a1e56fd34408186e4bbccfd4996cb3dc -> 
  custom:container-demuxer-webm: 4f35f7cbe854078d1ac9338744f61a02 -> 
  custom:CustomObjectIndexerAttribute: 6d391050e5a25f67b0a2c618074f2cd9 -> 
  custom:framework-win-MediaFoundation: 216162199b28c13a410421893ffa2e32 -> 
  custom:SearchIndexIgnoredProperties: e643bd26f0fe6173181afceb89e7c659 -> 
========================================================================
Received Import Request.
  Time since last request: 4268.496342 seconds.
  path: Assets/Materials/Azul.mat
  artifactKey: Guid(addc14a0bbba0374daaee512131b221a) Importer(815301076,1909f56bfc062723c751e8b465ee728b)
Start importing Assets/Materials/Azul.mat using Guid(addc14a0bbba0374daaee512131b221a) Importer(815301076,1909f56bfc062723c751e8b465ee728b)  -> (artifact id: 'f7e3c3890750e12be66fa372b6652607') in 0.264541 seconds
Number of updated asset objects reloaded before import = 0
Number of asset objects unloaded after import = 1
========================================================================
Received Import Request.
  Time since last request: 0.000037 seconds.
  path: Assets/Materials/Rojo.mat
  artifactKey: Guid(686fcad8bdadfcf43b3a4de0ebb42cf3) Importer(815301076,1909f56bfc062723c751e8b465ee728b)
Start importing Assets/Materials/Rojo.mat using Guid(686fcad8bdadfcf43b3a4de0ebb42cf3) Importer(815301076,1909f56bfc062723c751e8b465ee728b)  -> (artifact id: 'd9965c7327498e20acc91d2a0a8de5e4') in 0.023501 seconds
Number of updated asset objects reloaded before import = 0
Number of asset objects unloaded after import = 1
========================================================================
Received Import Request.
  Time since last request: 0.000041 seconds.
  path: Assets/Materials
  artifactKey: Guid(966cb78b3fb940449a53bc545c3af4b3) Importer(815301076,1909f56bfc062723c751e8b465ee728b)
Start importing Assets/Materials using Guid(966cb78b3fb940449a53bc545c3af4b3) Importer(815301076,1909f56bfc062723c751e8b465ee728b)  -> (artifact id: '9e6e1140b19d663783ce80745e625b07') in 0.000714 seconds
Number of updated asset objects reloaded before import = 0
Number of asset objects unloaded after import = 0
========================================================================
Received Import Request.
  Time since last request: 0.731235 seconds.
  path: Assets
  artifactKey: Guid(00000000000000001000000000000000) Importer(815301076,1909f56bfc062723c751e8b465ee728b)
Start importing Assets using Guid(00000000000000001000000000000000) Importer(815301076,1909f56bfc062723c751e8b465ee728b)  -> (artifact id: '8a4fe85251aa2e89732c359432baa2c3') in 0.000500 seconds
Number of updated asset objects reloaded before import = 0
Number of asset objects unloaded after import = 0
========================================================================
Received Import Request.
  Time since last request: 6.050213 seconds.
  path: Assets/Models
  artifactKey: Guid(35172d6c80d549846a5f7d93501b0f50) Importer(815301076,1909f56bfc062723c751e8b465ee728b)
Start importing Assets/Models using Guid(35172d6c80d549846a5f7d93501b0f50) Importer(815301076,1909f56bfc062723c751e8b465ee728b)  -> (artifact id: '2ae6094e1b3fe1e54da63f854bef3d00') in 0.000605 seconds
Number of updated asset objects reloaded before import = 0
Number of asset objects unloaded after import = 0
========================================================================
Received Import Request.
  Time since last request: 12.964217 seconds.
  path: Assets/Models/Test
  artifactKey: Guid(1645dc5dd05b4864bb40dcdd019e0660) Importer(815301076,1909f56bfc062723c751e8b465ee728b)
Start importing Assets/Models/Test using Guid(1645dc5dd05b4864bb40dcdd019e0660) Importer(815301076,1909f56bfc062723c751e8b465ee728b)  -> (artifact id: '055a0a24450ce6d8d8ad800da0a3871f') in 0.000527 seconds
Number of updated asset objects reloaded before import = 0
Number of asset objects unloaded after import = 0
========================================================================
Received Import Request.
  Time since last request: 13.816947 seconds.
  path: Assets/Models/Test/Body_0.fbx
  artifactKey: Guid(4f433b9bec83e0f42904c6107160a5fb) Importer(815301076,1909f56bfc062723c751e8b465ee728b)
Start importing Assets/Models/Test/Body_0.fbx using Guid(4f433b9bec83e0f42904c6107160a5fb) Importer(815301076,1909f56bfc062723c751e8b465ee728b)  -> (artifact id: 'c150125301a1f2b001a6eb2943004488') in 0.088581 seconds
Number of updated asset objects reloaded before import = 0
Number of asset objects unloaded after import = 8
========================================================================
Received Import Request.
  Time since last request: 53.315221 seconds.
  path: Assets/Models/Test/Head_0.fbx
  artifactKey: Guid(037be7b1f78c9ef47820513bca2d2efc) Importer(815301076,1909f56bfc062723c751e8b465ee728b)
Start importing Assets/Models/Test/Head_0.fbx using Guid(037be7b1f78c9ef47820513bca2d2efc) Importer(815301076,1909f56bfc062723c751e8b465ee728b)  -> (artifact id: '410837ee0803015d8aad9938832900ae') in 0.022555 seconds
Number of updated asset objects reloaded before import = 0
Number of asset objects unloaded after import = 7
========================================================================
Received Import Request.
  Time since last request: 427.734979 seconds.
  path: Assets/Models/Test/L_Arm_Bsc.fbx
  artifactKey: Guid(2a92f271a44b5d94d8329ceebe61eed4) Importer(815301076,1909f56bfc062723c751e8b465ee728b)
Start importing Assets/Models/Test/L_Arm_Bsc.fbx using Guid(2a92f271a44b5d94d8329ceebe61eed4) Importer(815301076,1909f56bfc062723c751e8b465ee728b)  -> (artifact id: 'bfbc0080693e47d2ced14a4b15424ca3') in 0.028760 seconds
Number of updated asset objects reloaded before import = 0
Number of asset objects unloaded after import = 7
========================================================================
Received Import Request.
  Time since last request: 0.000117 seconds.
  path: Assets/Models/Test/R_Arm_Bsc.fbx
  artifactKey: Guid(ad821abab483ebc459e2ed3eb85cd109) Importer(815301076,1909f56bfc062723c751e8b465ee728b)
Start importing Assets/Models/Test/R_Arm_Bsc.fbx using Guid(ad821abab483ebc459e2ed3eb85cd109) Importer(815301076,1909f56bfc062723c751e8b465ee728b)  -> (artifact id: 'b9e8ff4d5bb878891f84e4ecad0a85d1') in 0.024028 seconds
Number of updated asset objects reloaded before import = 0
Number of asset objects unloaded after import = 7
========================================================================
Received Import Request.
  Time since last request: 0.000028 seconds.
  path: Assets/Models/Test/R_Leg_Bsc.fbx
  artifactKey: Guid(738a93111bdd36f4e8a723864d7e631f) Importer(815301076,1909f56bfc062723c751e8b465ee728b)
Start importing Assets/Models/Test/R_Leg_Bsc.fbx using Guid(738a93111bdd36f4e8a723864d7e631f) Importer(815301076,1909f56bfc062723c751e8b465ee728b)  -> (artifact id: 'f45020838adf317f7fa9aecee55dab0a') in 0.022991 seconds
Number of updated asset objects reloaded before import = 0
Number of asset objects unloaded after import = 7
